This file contains any messages produced by compilers while
running configure, to aid debugging if configure makes a mistake.

It was created by HTK configure 3.4, which was
generated by GNU Autoconf 2.59.  Invocation command line was

  $ ./configure --pref=/home/alunos

## --------- ##
## Platform. ##
## --------- ##

hostname = pc0714
uname -m = i686
uname -r = 3.13.0-35-generic
uname -s = Linux
uname -v = #62-Ubuntu SMP Fri Aug 15 01:58:01 UTC 2014

/usr/bin/uname -p = unknown
/bin/uname -X     = unknown

/bin/arch              = unknown
/usr/bin/arch -k       = unknown
/usr/convex/getsysinfo = unknown
hostinfo               = unknown
/bin/machine           = unknown
/usr/bin/oslevel       = unknown
/bin/universe          = unknown

PATH: /usr/local/sbin
PATH: /usr/local/bin
PATH: /usr/sbin
PATH: /usr/bin
PATH: /sbin
PATH: /bin
PATH: /usr/games
PATH: /usr/local/games


## ----------- ##
## Core tests. ##
## ----------- ##

configure:1330: checking whether make sets $(MAKE)
configure:1350: result: yes
configure:1363: checking for gawk
configure:1392: result: no
configure:1363: checking for mawk
configure:1379: found /usr/bin/mawk
configure:1389: result: mawk
configure:1445: checking for gcc
configure:1461: found /usr/bin/gcc
configure:1471: result: gcc
configure:1715: checking for C compiler version
configure:1718: gcc --version </dev/null >&5
gcc (Ubuntu 4.8.2-19ubuntu1) 4.8.2
Copyright (C) 2013 Free Software Foundation, Inc.
This is free software; see the source for copying conditions.  There is NO
warranty; not even for MERCHANTABILITY or FITNESS FOR A PARTICULAR PURPOSE.

configure:1721: $? = 0
configure:1723: gcc -v </dev/null >&5
Using built-in specs.
COLLECT_GCC=gcc
COLLECT_LTO_WRAPPER=/usr/lib/gcc/i686-linux-gnu/4.8/lto-wrapper
Target: i686-linux-gnu
Configured with: ../src/configure -v --with-pkgversion='Ubuntu 4.8.2-19ubuntu1' --with-bugurl=file:///usr/share/doc/gcc-4.8/README.Bugs --enable-languages=c,c++,java,go,d,fortran,objc,obj-c++ --prefix=/usr --program-suffix=-4.8 --enable-shared --enable-linker-build-id --libexecdir=/usr/lib --without-included-gettext --enable-threads=posix --with-gxx-include-dir=/usr/include/c++/4.8 --libdir=/usr/lib --enable-nls --with-sysroot=/ --enable-clocale=gnu --enable-libstdcxx-debug --enable-libstdcxx-time=yes --enable-gnu-unique-object --disable-libmudflap --enable-plugin --with-system-zlib --disable-browser-plugin --enable-java-awt=gtk --enable-gtk-cairo --with-java-home=/usr/lib/jvm/java-1.5.0-gcj-4.8-i386/jre --enable-java-home --with-jvm-root-dir=/usr/lib/jvm/java-1.5.0-gcj-4.8-i386 --with-jvm-jar-dir=/usr/lib/jvm-exports/java-1.5.0-gcj-4.8-i386 --with-arch-directory=i386 --with-ecj-jar=/usr/share/java/eclipse-ecj.jar --enable-objc-gc --enable-targets=all --enable-multiarch --disable-werror --with-arch-32=i686 --with-multilib-list=m32,m64,mx32 --with-tune=generic --enable-checking=release --build=i686-linux-gnu --host=i686-linux-gnu --target=i686-linux-gnu
Thread model: posix
gcc version 4.8.2 (Ubuntu 4.8.2-19ubuntu1) 
configure:1726: $? = 0
configure:1728: gcc -V </dev/null >&5
gcc: error: unrecognized command line option '-V'
gcc: fatal error: no input files
compilation terminated.
configure:1731: $? = 4
configure:1754: checking for C compiler default output file name
configure:1757: gcc    conftest.c  >&5
configure:1760: $? = 0
configure:1806: result: a.out
configure:1811: checking whether the C compiler works
configure:1817: ./a.out
configure:1820: $? = 0
configure:1837: result: yes
configure:1844: checking whether we are cross compiling
configure:1846: result: no
configure:1849: checking for suffix of executables
configure:1851: gcc -o conftest    conftest.c  >&5
configure:1854: $? = 0
configure:1879: result: 
configure:1885: checking for suffix of object files
configure:1906: gcc -c   conftest.c >&5
configure:1909: $? = 0
configure:1931: result: o
configure:1935: checking whether we are using the GNU C compiler
configure:1959: gcc -c   conftest.c >&5
configure:1965: $? = 0
configure:1969: test -z 
			 || test ! -s conftest.err
configure:1972: $? = 0
configure:1975: test -s conftest.o
configure:1978: $? = 0
configure:1991: result: yes
configure:1997: checking whether gcc accepts -g
configure:2018: gcc -c -g  conftest.c >&5
configure:2024: $? = 0
configure:2028: test -z 
			 || test ! -s conftest.err
configure:2031: $? = 0
configure:2034: test -s conftest.o
configure:2037: $? = 0
configure:2048: result: yes
configure:2065: checking for gcc option to accept ANSI C
configure:2135: gcc  -c -g -O2  conftest.c >&5
configure:2141: $? = 0
configure:2145: test -z 
			 || test ! -s conftest.err
configure:2148: $? = 0
configure:2151: test -s conftest.o
configure:2154: $? = 0
configure:2172: result: none needed
configure:2190: gcc -c -g -O2  conftest.c >&5
conftest.c:2:3: error: unknown type name 'choke'
   choke me
   ^
conftest.c:2:3: error: expected '=', ',', ';', 'asm' or '__attribute__' at end of input
configure:2196: $? = 1
configure: failed program was:
| #ifndef __cplusplus
|   choke me
| #endif
configure:2367: checking for a BSD-compatible install
configure:2422: result: /usr/bin/install -c
configure:2433: checking whether ln -s works
configure:2437: result: yes
configure:2485: checking for ranlib
configure:2501: found /usr/bin/ranlib
configure:2512: result: ranlib
configure:2527: checking for main in -lX11
configure:2551: gcc -o conftest -g -O2   conftest.c -lX11   >&5
configure:2557: $? = 0
configure:2561: test -z 
			 || test ! -s conftest.err
configure:2564: $? = 0
configure:2567: test -s conftest
configure:2570: $? = 0
configure:2583: result: yes
configure:2595: checking for main in -lm
configure:2619: gcc -o conftest -g -O2   conftest.c -lm  -lX11  >&5
configure:2625: $? = 0
configure:2629: test -z 
			 || test ! -s conftest.err
configure:2632: $? = 0
configure:2635: test -s conftest
configure:2638: $? = 0
configure:2651: result: yes
configure:2670: checking how to run the C preprocessor
configure:2705: gcc -E  conftest.c
configure:2711: $? = 0
configure:2743: gcc -E  conftest.c
conftest.c:11:28: fatal error: ac_nonexistent.h: No such file or directory
 #include <ac_nonexistent.h>
                            ^
compilation terminated.
configure:2749: $? = 1
configure: failed program was:
| /* confdefs.h.  */
| 
| #define PACKAGE_NAME "HTK"
| #define PACKAGE_TARNAME "htk"
| #define PACKAGE_VERSION "3.4"
| #define PACKAGE_STRING "HTK 3.4"
| #define PACKAGE_BUGREPORT "htk-mgr@eng.cam.ac.uk"
| #define HAVE_LIBX11 1
| #define HAVE_LIBM 1
| /* end confdefs.h.  */
| #include <ac_nonexistent.h>
configure:2788: result: gcc -E
configure:2812: gcc -E  conftest.c
configure:2818: $? = 0
configure:2850: gcc -E  conftest.c
conftest.c:11:28: fatal error: ac_nonexistent.h: No such file or directory
 #include <ac_nonexistent.h>
                            ^
compilation terminated.
configure:2856: $? = 1
configure: failed program was:
| /* confdefs.h.  */
| 
| #define PACKAGE_NAME "HTK"
| #define PACKAGE_TARNAME "htk"
| #define PACKAGE_VERSION "3.4"
| #define PACKAGE_STRING "HTK 3.4"
| #define PACKAGE_BUGREPORT "htk-mgr@eng.cam.ac.uk"
| #define HAVE_LIBX11 1
| #define HAVE_LIBM 1
| /* end confdefs.h.  */
| #include <ac_nonexistent.h>
configure:2900: checking for X
configure:3005: gcc -E  conftest.c
conftest.c:11:27: fatal error: X11/Intrinsic.h: No such file or directory
 #include <X11/Intrinsic.h>
                           ^
compilation terminated.
configure:3011: $? = 1
configure: failed program was:
| /* confdefs.h.  */
| 
| #define PACKAGE_NAME "HTK"
| #define PACKAGE_TARNAME "htk"
| #define PACKAGE_VERSION "3.4"
| #define PACKAGE_STRING "HTK 3.4"
| #define PACKAGE_BUGREPORT "htk-mgr@eng.cam.ac.uk"
| #define HAVE_LIBX11 1
| #define HAVE_LIBM 1
| /* end confdefs.h.  */
| #include <X11/Intrinsic.h>
configure:3061: gcc -o conftest -g -O2   conftest.c -lXt -lm -lX11  >&5
conftest.c:11:27: fatal error: X11/Intrinsic.h: No such file or directory
 #include <X11/Intrinsic.h>
                           ^
compilation terminated.
configure:3067: $? = 1
configure: failed program was:
| /* confdefs.h.  */
| 
| #define PACKAGE_NAME "HTK"
| #define PACKAGE_TARNAME "htk"
| #define PACKAGE_VERSION "3.4"
| #define PACKAGE_STRING "HTK 3.4"
| #define PACKAGE_BUGREPORT "htk-mgr@eng.cam.ac.uk"
| #define HAVE_LIBX11 1
| #define HAVE_LIBM 1
| /* end confdefs.h.  */
| #include <X11/Intrinsic.h>
| int
| main ()
| {
| XtMalloc (0)
|   ;
|   return 0;
| }
configure:3120: result: no
configure:3134: checking for egrep
configure:3144: result: grep -E
configure:3149: checking for ANSI C header files
configure:3174: gcc -c -g -O2  conftest.c >&5
configure:3180: $? = 0
configure:3184: test -z 
			 || test ! -s conftest.err
configure:3187: $? = 0
configure:3190: test -s conftest.o
configure:3193: $? = 0
configure:3282: gcc -o conftest -g -O2   conftest.c -lm -lX11  >&5
conftest.c: In function 'main':
conftest.c:28:7: warning: incompatible implicit declaration of built-in function 'exit' [enabled by default]
       exit(2);
       ^
configure:3285: $? = 0
configure:3287: ./conftest
configure:3290: $? = 0
configure:3305: result: yes
configure:3329: checking for sys/types.h
configure:3345: gcc -c -g -O2  conftest.c >&5
configure:3351: $? = 0
configure:3355: test -z 
			 || test ! -s conftest.err
configure:3358: $? = 0
configure:3361: test -s conftest.o
configure:3364: $? = 0
configure:3375: result: yes
configure:3329: checking for sys/stat.h
configure:3345: gcc -c -g -O2  conftest.c >&5
configure:3351: $? = 0
configure:3355: test -z 
			 || test ! -s conftest.err
configure:3358: $? = 0
configure:3361: test -s conftest.o
configure:3364: $? = 0
configure:3375: result: yes
configure:3329: checking for stdlib.h
configure:3345: gcc -c -g -O2  conftest.c >&5
configure:3351: $? = 0
configure:3355: test -z 
			 || test ! -s conftest.err
configure:3358: $? = 0
configure:3361: test -s conftest.o
configure:3364: $? = 0
configure:3375: result: yes
configure:3329: checking for string.h
configure:3345: gcc -c -g -O2  conftest.c >&5
configure:3351: $? = 0
configure:3355: test -z 
			 || test ! -s conftest.err
configure:3358: $? = 0
configure:3361: test -s conftest.o
configure:3364: $? = 0
configure:3375: result: yes
configure:3329: checking for memory.h
configure:3345: gcc -c -g -O2  conftest.c >&5
configure:3351: $? = 0
configure:3355: test -z 
			 || test ! -s conftest.err
configure:3358: $? = 0
configure:3361: test -s conftest.o
configure:3364: $? = 0
configure:3375: result: yes
configure:3329: checking for strings.h
configure:3345: gcc -c -g -O2  conftest.c >&5
configure:3351: $? = 0
configure:3355: test -z 
			 || test ! -s conftest.err
configure:3358: $? = 0
configure:3361: test -s conftest.o
configure:3364: $? = 0
configure:3375: result: yes
configure:3329: checking for inttypes.h
configure:3345: gcc -c -g -O2  conftest.c >&5
configure:3351: $? = 0
configure:3355: test -z 
			 || test ! -s conftest.err
configure:3358: $? = 0
configure:3361: test -s conftest.o
configure:3364: $? = 0
configure:3375: result: yes
configure:3329: checking for stdint.h
configure:3345: gcc -c -g -O2  conftest.c >&5
configure:3351: $? = 0
configure:3355: test -z 
			 || test ! -s conftest.err
configure:3358: $? = 0
configure:3361: test -s conftest.o
configure:3364: $? = 0
configure:3375: result: yes
configure:3329: checking for unistd.h
configure:3345: gcc -c -g -O2  conftest.c >&5
configure:3351: $? = 0
configure:3355: test -z 
			 || test ! -s conftest.err
configure:3358: $? = 0
configure:3361: test -s conftest.o
configure:3364: $? = 0
configure:3375: result: yes
configure:3412: checking errno.h usability
configure:3424: gcc -c -g -O2  conftest.c >&5
configure:3430: $? = 0
configure:3434: test -z 
			 || test ! -s conftest.err
configure:3437: $? = 0
configure:3440: test -s conftest.o
configure:3443: $? = 0
configure:3453: result: yes
configure:3457: checking errno.h presence
configure:3467: gcc -E  conftest.c
configure:3473: $? = 0
configure:3493: result: yes
configure:3528: checking for errno.h
configure:3535: result: yes
configure:3412: checking fcntl.h usability
configure:3424: gcc -c -g -O2  conftest.c >&5
configure:3430: $? = 0
configure:3434: test -z 
			 || test ! -s conftest.err
configure:3437: $? = 0
configure:3440: test -s conftest.o
configure:3443: $? = 0
configure:3453: result: yes
configure:3457: checking fcntl.h presence
configure:3467: gcc -E  conftest.c
configure:3473: $? = 0
configure:3493: result: yes
configure:3528: checking for fcntl.h
configure:3535: result: yes
configure:3412: checking float.h usability
configure:3424: gcc -c -g -O2  conftest.c >&5
configure:3430: $? = 0
configure:3434: test -z 
			 || test ! -s conftest.err
configure:3437: $? = 0
configure:3440: test -s conftest.o
configure:3443: $? = 0
configure:3453: result: yes
configure:3457: checking float.h presence
configure:3467: gcc -E  conftest.c
configure:3473: $? = 0
configure:3493: result: yes
configure:3528: checking for float.h
configure:3535: result: yes
configure:3412: checking limits.h usability
configure:3424: gcc -c -g -O2  conftest.c >&5
configure:3430: $? = 0
configure:3434: test -z 
			 || test ! -s conftest.err
configure:3437: $? = 0
configure:3440: test -s conftest.o
configure:3443: $? = 0
configure:3453: result: yes
configure:3457: checking limits.h presence
configure:3467: gcc -E  conftest.c
configure:3473: $? = 0
configure:3493: result: yes
configure:3528: checking for limits.h
configure:3535: result: yes
configure:3412: checking malloc.h usability
configure:3424: gcc -c -g -O2  conftest.c >&5
configure:3430: $? = 0
configure:3434: test -z 
			 || test ! -s conftest.err
configure:3437: $? = 0
configure:3440: test -s conftest.o
configure:3443: $? = 0
configure:3453: result: yes
configure:3457: checking malloc.h presence
configure:3467: gcc -E  conftest.c
configure:3473: $? = 0
configure:3493: result: yes
configure:3528: checking for malloc.h
configure:3535: result: yes
configure:3403: checking for memory.h
configure:3408: result: yes
configure:3403: checking for stdlib.h
configure:3408: result: yes
configure:3403: checking for string.h
configure:3408: result: yes
configure:3412: checking sys/ioctl.h usability
configure:3424: gcc -c -g -O2  conftest.c >&5
configure:3430: $? = 0
configure:3434: test -z 
			 || test ! -s conftest.err
configure:3437: $? = 0
configure:3440: test -s conftest.o
configure:3443: $? = 0
configure:3453: result: yes
configure:3457: checking sys/ioctl.h presence
configure:3467: gcc -E  conftest.c
configure:3473: $? = 0
configure:3493: result: yes
configure:3528: checking for sys/ioctl.h
configure:3535: result: yes
configure:3412: checking sys/socket.h usability
configure:3424: gcc -c -g -O2  conftest.c >&5
configure:3430: $? = 0
configure:3434: test -z 
			 || test ! -s conftest.err
configure:3437: $? = 0
configure:3440: test -s conftest.o
configure:3443: $? = 0
configure:3453: result: yes
configure:3457: checking sys/socket.h presence
configure:3467: gcc -E  conftest.c
configure:3473: $? = 0
configure:3493: result: yes
configure:3528: checking for sys/socket.h
configure:3535: result: yes
configure:3412: checking sys/time.h usability
configure:3424: gcc -c -g -O2  conftest.c >&5
configure:3430: $? = 0
configure:3434: test -z 
			 || test ! -s conftest.err
configure:3437: $? = 0
configure:3440: test -s conftest.o
configure:3443: $? = 0
configure:3453: result: yes
configure:3457: checking sys/time.h presence
configure:3467: gcc -E  conftest.c
configure:3473: $? = 0
configure:3493: result: yes
configure:3528: checking for sys/time.h
configure:3535: result: yes
configure:3403: checking for unistd.h
configure:3408: result: yes
configure:3549: checking for an ANSI C-conforming const
configure:3616: gcc -c -g -O2  conftest.c >&5
configure:3622: $? = 0
configure:3626: test -z 
			 || test ! -s conftest.err
configure:3629: $? = 0
configure:3632: test -s conftest.o
configure:3635: $? = 0
configure:3646: result: yes
configure:3656: checking for size_t
configure:3680: gcc -c -g -O2  conftest.c >&5
configure:3686: $? = 0
configure:3690: test -z 
			 || test ! -s conftest.err
configure:3693: $? = 0
configure:3696: test -s conftest.o
configure:3699: $? = 0
configure:3710: result: yes
configure:3722: checking whether time.h and sys/time.h may both be included
configure:3747: gcc -c -g -O2  conftest.c >&5
configure:3753: $? = 0
configure:3757: test -z 
			 || test ! -s conftest.err
configure:3760: $? = 0
configure:3763: test -s conftest.o
configure:3766: $? = 0
configure:3777: result: yes
configure:3787: checking whether struct tm is in sys/time.h or time.h
configure:3810: gcc -c -g -O2  conftest.c >&5
configure:3816: $? = 0
configure:3820: test -z 
			 || test ! -s conftest.err
configure:3823: $? = 0
configure:3826: test -s conftest.o
configure:3829: $? = 0
configure:3840: result: time.h
configure:3852: checking whether gcc needs -traditional
configure:3894: result: no
configure:3901: checking for working memcmp
configure:3949: gcc -o conftest -g -O2   conftest.c -lm -lX11  >&5
configure:3952: $? = 0
configure:3954: ./conftest
configure:3957: $? = 0
configure:3971: result: yes
configure:3987: checking for stdlib.h
configure:3992: result: yes
configure:4132: checking for GNU libc compatible malloc
configure:4161: gcc -o conftest -g -O2   conftest.c -lm -lX11  >&5
configure:4164: $? = 0
configure:4166: ./conftest
configure:4169: $? = 0
configure:4183: result: yes
configure:4213: checking for working strtod
configure:4256: gcc -o conftest -g -O2   conftest.c -lm -lX11  >&5
conftest.c: In function 'main':
conftest.c:48:7: warning: incompatible implicit declaration of built-in function 'exit' [enabled by default]
       exit (1);
       ^
conftest.c:58:7: warning: incompatible implicit declaration of built-in function 'exit' [enabled by default]
       exit (1);
       ^
conftest.c:60:3: warning: incompatible implicit declaration of built-in function 'exit' [enabled by default]
   exit (0);
   ^
configure:4259: $? = 0
configure:4261: ./conftest
configure:4264: $? = 0
configure:4278: result: yes
configure:4456: checking return type of signal handlers
configure:4487: gcc -c -g -O2  conftest.c >&5
configure:4493: $? = 0
configure:4497: test -z 
			 || test ! -s conftest.err
configure:4500: $? = 0
configure:4503: test -s conftest.o
configure:4506: $? = 0
configure:4517: result: void
configure:4529: checking for vprintf
configure:4586: gcc -o conftest -g -O2   conftest.c -lm -lX11  >&5
conftest.c:61:6: warning: conflicting types for built-in function 'vprintf' [enabled by default]
 char vprintf ();
      ^
configure:4592: $? = 0
configure:4596: test -z 
			 || test ! -s conftest.err
configure:4599: $? = 0
configure:4602: test -s conftest
configure:4605: $? = 0
configure:4617: result: yes
configure:4624: checking for _doprnt
configure:4681: gcc -o conftest -g -O2   conftest.c -lm -lX11  >&5
/tmp/cctge1MK.o:(.data+0x0): undefined reference to `_doprnt'
/tmp/cctge1MK.o: In function `main':
/home/alunos/√Årea de Trabalho/pf_lab4/htk/conftest.c:78: undefined reference to `_doprnt'
collect2: error: ld returned 1 exit status
configure:4687: $? = 1
configure: failed program was:
| /* confdefs.h.  */
| 
| #define PACKAGE_NAME "HTK"
| #define PACKAGE_TARNAME "htk"
| #define PACKAGE_VERSION "3.4"
| #define PACKAGE_STRING "HTK 3.4"
| #define PACKAGE_BUGREPORT "htk-mgr@eng.cam.ac.uk"
| #define HAVE_LIBX11 1
| #define HAVE_LIBM 1
| #define STDC_HEADERS 1
| #define HAVE_SYS_TYPES_H 1
| #define HAVE_SYS_STAT_H 1
| #define HAVE_STDLIB_H 1
| #define HAVE_STRING_H 1
| #define HAVE_MEMORY_H 1
| #define HAVE_STRINGS_H 1
| #define HAVE_INTTYPES_H 1
| #define HAVE_STDINT_H 1
| #define HAVE_UNISTD_H 1
| #define HAVE_ERRNO_H 1
| #define HAVE_FCNTL_H 1
| #define HAVE_FLOAT_H 1
| #define HAVE_LIMITS_H 1
| #define HAVE_MALLOC_H 1
| #define HAVE_MEMORY_H 1
| #define HAVE_STDLIB_H 1
| #define HAVE_STRING_H 1
| #define HAVE_SYS_IOCTL_H 1
| #define HAVE_SYS_SOCKET_H 1
| #define HAVE_SYS_TIME_H 1
| #define HAVE_UNISTD_H 1
| #define TIME_WITH_SYS_TIME 1
| #define HAVE_STDLIB_H 1
| #define HAVE_MALLOC 1
| #define RETSIGTYPE void
| #define HAVE_VPRINTF 1
| /* end confdefs.h.  */
| /* Define _doprnt to an innocuous variant, in case <limits.h> declares _doprnt.
|    For example, HP-UX 11i <limits.h> declares gettimeofday.  */
| #define _doprnt innocuous__doprnt
| 
| /* System header to define __stub macros and hopefully few prototypes,
|     which can conflict with char _doprnt (); below.
|     Prefer <limits.h> to <assert.h> if __STDC__ is defined, since
|     <limits.h> exists even on freestanding compilers.  */
| 
| #ifdef __STDC__
| # include <limits.h>
| #else
| # include <assert.h>
| #endif
| 
| #undef _doprnt
| 
| /* Override any gcc2 internal prototype to avoid an error.  */
| #ifdef __cplusplus
| extern "C"
| {
| #endif
| /* We use char because int might match the return type of a gcc2
|    builtin and then its argument prototype would still apply.  */
| char _doprnt ();
| /* The GNU C library defines this for functions which it implements
|     to always fail with ENOSYS.  Some functions are actually named
|     something starting with __ and the normal name is an alias.  */
| #if defined (__stub__doprnt) || defined (__stub____doprnt)
| choke me
| #else
| char (*f) () = _doprnt;
| #endif
| #ifdef __cplusplus
| }
| #endif
| 
| int
| main ()
| {
| return f != _doprnt;
|   ;
|   return 0;
| }
configure:4712: result: no
configure:4743: checking for floor
configure:4800: gcc -o conftest -g -O2   conftest.c -lm -lX11  >&5
conftest.c:62:6: warning: conflicting types for built-in function 'floor' [enabled by default]
 char floor ();
      ^
configure:4806: $? = 0
configure:4810: test -z 
			 || test ! -s conftest.err
configure:4813: $? = 0
configure:4816: test -s conftest
configure:4819: $? = 0
configure:4831: result: yes
configure:4743: checking for gettimeofday
configure:4800: gcc -o conftest -g -O2   conftest.c -lm -lX11  >&5
configure:4806: $? = 0
configure:4810: test -z 
			 || test ! -s conftest.err
configure:4813: $? = 0
configure:4816: test -s conftest
configure:4819: $? = 0
configure:4831: result: yes
configure:4743: checking for memmove
configure:4800: gcc -o conftest -g -O2   conftest.c -lm -lX11  >&5
conftest.c:64:6: warning: conflicting types for built-in function 'memmove' [enabled by default]
 char memmove ();
      ^
configure:4806: $? = 0
configure:4810: test -z 
			 || test ! -s conftest.err
configure:4813: $? = 0
configure:4816: test -s conftest
configure:4819: $? = 0
configure:4831: result: yes
configure:4743: checking for memset
configure:4800: gcc -o conftest -g -O2   conftest.c -lm -lX11  >&5
conftest.c:65:6: warning: conflicting types for built-in function 'memset' [enabled by default]
 char memset ();
      ^
configure:4806: $? = 0
configure:4810: test -z 
			 || test ! -s conftest.err
configure:4813: $? = 0
configure:4816: test -s conftest
configure:4819: $? = 0
configure:4831: result: yes
configure:4743: checking for modf
configure:4800: gcc -o conftest -g -O2   conftest.c -lm -lX11  >&5
conftest.c:66:6: warning: conflicting types for built-in function 'modf' [enabled by default]
 char modf ();
      ^
configure:4806: $? = 0
configure:4810: test -z 
			 || test ! -s conftest.err
configure:4813: $? = 0
configure:4816: test -s conftest
configure:4819: $? = 0
configure:4831: result: yes
configure:4743: checking for pow
configure:4800: gcc -o conftest -g -O2   conftest.c -lm -lX11  >&5
conftest.c:67:6: warning: conflicting types for built-in function 'pow' [enabled by default]
 char pow ();
      ^
configure:4806: $? = 0
configure:4810: test -z 
			 || test ! -s conftest.err
configure:4813: $? = 0
configure:4816: test -s conftest
configure:4819: $? = 0
configure:4831: result: yes
configure:4743: checking for socket
configure:4800: gcc -o conftest -g -O2   conftest.c -lm -lX11  >&5
configure:4806: $? = 0
configure:4810: test -z 
			 || test ! -s conftest.err
configure:4813: $? = 0
configure:4816: test -s conftest
configure:4819: $? = 0
configure:4831: result: yes
configure:4743: checking for sqrt
configure:4800: gcc -o conftest -g -O2   conftest.c -lm -lX11  >&5
conftest.c:69:6: warning: conflicting types for built-in function 'sqrt' [enabled by default]
 char sqrt ();
      ^
configure:4806: $? = 0
configure:4810: test -z 
			 || test ! -s conftest.err
configure:4813: $? = 0
configure:4816: test -s conftest
configure:4819: $? = 0
configure:4831: result: yes
configure:4743: checking for strchr
configure:4800: gcc -o conftest -g -O2   conftest.c -lm -lX11  >&5
conftest.c:70:6: warning: conflicting types for built-in function 'strchr' [enabled by default]
 char strchr ();
      ^
configure:4806: $? = 0
configure:4810: test -z 
			 || test ! -s conftest.err
configure:4813: $? = 0
configure:4816: test -s conftest
configure:4819: $? = 0
configure:4831: result: yes
configure:4743: checking for strcspn
configure:4800: gcc -o conftest -g -O2   conftest.c -lm -lX11  >&5
conftest.c:71:6: warning: conflicting types for built-in function 'strcspn' [enabled by default]
 char strcspn ();
      ^
configure:4806: $? = 0
configure:4810: test -z 
			 || test ! -s conftest.err
configure:4813: $? = 0
configure:4816: test -s conftest
configure:4819: $? = 0
configure:4831: result: yes
configure:4743: checking for strrchr
configure:4800: gcc -o conftest -g -O2   conftest.c -lm -lX11  >&5
conftest.c:72:6: warning: conflicting types for built-in function 'strrchr' [enabled by default]
 char strrchr ();
      ^
configure:4806: $? = 0
configure:4810: test -z 
			 || test ! -s conftest.err
configure:4813: $? = 0
configure:4816: test -s conftest
configure:4819: $? = 0
configure:4831: result: yes
configure:4743: checking for strspn
configure:4800: gcc -o conftest -g -O2   conftest.c -lm -lX11  >&5
conftest.c:73:6: warning: conflicting types for built-in function 'strspn' [enabled by default]
 char strspn ();
      ^
configure:4806: $? = 0
configure:4810: test -z 
			 || test ! -s conftest.err
configure:4813: $? = 0
configure:4816: test -s conftest
configure:4819: $? = 0
configure:4831: result: yes
configure:4743: checking for strstr
configure:4800: gcc -o conftest -g -O2   conftest.c -lm -lX11  >&5
conftest.c:74:6: warning: conflicting types for built-in function 'strstr' [enabled by default]
 char strstr ();
      ^
configure:4806: $? = 0
configure:4810: test -z 
			 || test ! -s conftest.err
configure:4813: $? = 0
configure:4816: test -s conftest
configure:4819: $? = 0
configure:4831: result: yes
configure:4743: checking for strtol
configure:4800: gcc -o conftest -g -O2   conftest.c -lm -lX11  >&5
configure:4806: $? = 0
configure:4810: test -z 
			 || test ! -s conftest.err
configure:4813: $? = 0
configure:4816: test -s conftest
configure:4819: $? = 0
configure:4831: result: yes
configure:4849: checking build system type
configure:4867: result: i686-pc-linux-gnu
configure:4875: checking host system type
configure:4889: result: i686-pc-linux-gnu
configure:5182: creating ./config.status

## ---------------------- ##
## Running config.status. ##
## ---------------------- ##

This file was extended by HTK config.status 3.4, which was
generated by GNU Autoconf 2.59.  Invocation command line was

  CONFIG_FILES    = 
  CONFIG_HEADERS  = 
  CONFIG_LINKS    = 
  CONFIG_COMMANDS = 
  $ ./config.status 

on pc0714

config.status:668: creating HTKLib/Makefile
config.status:668: creating HTKTools/Makefile
config.status:668: creating HLMLib/Makefile
config.status:668: creating HLMTools/Makefile
config.status:668: creating HTKLVRec/Makefile
config.status:668: creating Makefile

## ---------------- ##
## Cache variables. ##
## ---------------- ##

ac_cv_build=i686-pc-linux-gnu
ac_cv_build_alias=i686-pc-linux-gnu
ac_cv_c_compiler_gnu=yes
ac_cv_c_const=yes
ac_cv_env_CC_set=
ac_cv_env_CC_value=
ac_cv_env_CFLAGS_set=
ac_cv_env_CFLAGS_value=
ac_cv_env_CPPFLAGS_set=
ac_cv_env_CPPFLAGS_value=
ac_cv_env_CPP_set=
ac_cv_env_CPP_value=
ac_cv_env_LDFLAGS_set=
ac_cv_env_LDFLAGS_value=
ac_cv_env_build_alias_set=
ac_cv_env_build_alias_value=
ac_cv_env_host_alias_set=
ac_cv_env_host_alias_value=
ac_cv_env_target_alias_set=
ac_cv_env_target_alias_value=
ac_cv_exeext=
ac_cv_func__doprnt=no
ac_cv_func_floor=yes
ac_cv_func_gettimeofday=yes
ac_cv_func_malloc_0_nonnull=yes
ac_cv_func_memcmp_working=yes
ac_cv_func_memmove=yes
ac_cv_func_memset=yes
ac_cv_func_modf=yes
ac_cv_func_pow=yes
ac_cv_func_socket=yes
ac_cv_func_sqrt=yes
ac_cv_func_strchr=yes
ac_cv_func_strcspn=yes
ac_cv_func_strrchr=yes
ac_cv_func_strspn=yes
ac_cv_func_strstr=yes
ac_cv_func_strtod=yes
ac_cv_func_strtol=yes
ac_cv_func_vprintf=yes
ac_cv_have_x=have_x=no
ac_cv_header_errno_h=yes
ac_cv_header_fcntl_h=yes
ac_cv_header_float_h=yes
ac_cv_header_inttypes_h=yes
ac_cv_header_limits_h=yes
ac_cv_header_malloc_h=yes
ac_cv_header_memory_h=yes
ac_cv_header_stdc=yes
ac_cv_header_stdint_h=yes
ac_cv_header_stdlib_h=yes
ac_cv_header_string_h=yes
ac_cv_header_strings_h=yes
ac_cv_header_sys_ioctl_h=yes
ac_cv_header_sys_socket_h=yes
ac_cv_header_sys_stat_h=yes
ac_cv_header_sys_time_h=yes
ac_cv_header_sys_types_h=yes
ac_cv_header_time=yes
ac_cv_header_unistd_h=yes
ac_cv_host=i686-pc-linux-gnu
ac_cv_host_alias=i686-pc-linux-gnu
ac_cv_lib_X11_main=yes
ac_cv_lib_m_main=yes
ac_cv_objext=o
ac_cv_path_install='/usr/bin/install -c'
ac_cv_prog_AWK=mawk
ac_cv_prog_CPP='gcc -E'
ac_cv_prog_ac_ct_CC=gcc
ac_cv_prog_ac_ct_RANLIB=ranlib
ac_cv_prog_cc_g=yes
ac_cv_prog_cc_stdc=
ac_cv_prog_egrep='grep -E'
ac_cv_prog_gcc_traditional=no
ac_cv_prog_make_make_set=yes
ac_cv_struct_tm=time.h
ac_cv_type_signal=void
ac_cv_type_size_t=yes

## ----------------- ##
## Output variables. ##
## ----------------- ##

AWK='mawk'
BINARY_EXTENSION=''
CC='gcc'
CFLAGS='-ansi -D_SVID_SOURCE -DOSS_AUDIO -D'ARCH="i686"' -Wall -Wno-switch -g -O2'
CPP='gcc -E'
CPPFLAGS=''
DEFS='-DPACKAGE_NAME=\"HTK\" -DPACKAGE_TARNAME=\"htk\" -DPACKAGE_VERSION=\"3.4\" -DPACKAGE_STRING=\"HTK\ 3.4\" -DPACKAGE_BUGREPORT=\"htk-mgr@eng.cam.ac.uk\" -DHAVE_LIBX11=1 -DHAVE_LIBM=1 -DSTDC_HEADERS=1 -DHAVE_SYS_TYPES_H=1 -DHAVE_SYS_STAT_H=1 -DHAVE_STDLIB_H=1 -DHAVE_STRING_H=1 -DHAVE_MEMORY_H=1 -DHAVE_STRINGS_H=1 -DHAVE_INTTYPES_H=1 -DHAVE_STDINT_H=1 -DHAVE_UNISTD_H=1 -DHAVE_ERRNO_H=1 -DHAVE_FCNTL_H=1 -DHAVE_FLOAT_H=1 -DHAVE_LIMITS_H=1 -DHAVE_MALLOC_H=1 -DHAVE_MEMORY_H=1 -DHAVE_STDLIB_H=1 -DHAVE_STRING_H=1 -DHAVE_SYS_IOCTL_H=1 -DHAVE_SYS_SOCKET_H=1 -DHAVE_SYS_TIME_H=1 -DHAVE_UNISTD_H=1 -DTIME_WITH_SYS_TIME=1 -DHAVE_STDLIB_H=1 -DHAVE_MALLOC=1 -DRETSIGTYPE=void -DHAVE_VPRINTF=1 -DHAVE_FLOOR=1 -DHAVE_GETTIMEOFDAY=1 -DHAVE_MEMMOVE=1 -DHAVE_MEMSET=1 -DHAVE_MODF=1 -DHAVE_POW=1 -DHAVE_SOCKET=1 -DHAVE_SQRT=1 -DHAVE_STRCHR=1 -DHAVE_STRCSPN=1 -DHAVE_STRRCHR=1 -DHAVE_STRSPN=1 -DHAVE_STRSTR=1 -DHAVE_STRTOL=1 '
ECHO_C=''
ECHO_N='-n'
ECHO_T=''
EGREP='grep -E'
EXEEXT=''
HGRAF='HGraf.o'
HSLAB='HSLab'
INSTALL_DATA='${INSTALL} -m 644'
INSTALL_PROGRAM='${INSTALL}'
INSTALL_SCRIPT='${INSTALL}'
LDFLAGS='-L/usr/X11R6/lib '
LIBOBJS=''
LIBS='-lm -lX11 '
LN_S='ln -s'
LTLIBOBJS=''
OBJEXT='o'
PACKAGE_BUGREPORT='htk-mgr@eng.cam.ac.uk'
PACKAGE_NAME='HTK'
PACKAGE_STRING='HTK 3.4'
PACKAGE_TARNAME='htk'
PACKAGE_VERSION='3.4'
PATH_SEPARATOR=':'
POW_LIB=''
RANLIB='ranlib'
SET_MAKE=''
SHELL='/bin/bash'
TRADHTK=''
TRADHTKBIN='linux'
ac_ct_CC='gcc'
ac_ct_RANLIB='ranlib'
bindir='${exec_prefix}/bin'
build='i686-pc-linux-gnu'
build_alias=''
build_cpu='i686'
build_os='linux-gnu'
build_vendor='pc'
datadir='${prefix}/share'
exec_prefix='${prefix}'
host='i686-pc-linux-gnu'
host_alias=''
host_cpu='i686'
host_os='linux-gnu'
host_vendor='pc'
includedir='${prefix}/include'
infodir='${prefix}/info'
libdir='${exec_prefix}/lib'
libexecdir='${exec_prefix}/libexec'
localstatedir='${prefix}/var'
make_all='htktools hlmtools'
make_install='install-htktools install-hlmtools'
mandir='${prefix}/man'
oldincludedir='/usr/include'
prefix='/home/alunos'
program_transform_name='s,x,x,'
sbindir='${exec_prefix}/sbin'
sharedstatedir='${prefix}/com'
sysconfdir='${prefix}/etc'
target_alias=''

## ----------- ##
## confdefs.h. ##
## ----------- ##

#define HAVE_ERRNO_H 1
#define HAVE_FCNTL_H 1
#define HAVE_FLOAT_H 1
#define HAVE_FLOOR 1
#define HAVE_GETTIMEOFDAY 1
#define HAVE_INTTYPES_H 1
#define HAVE_LIBM 1
#define HAVE_LIBX11 1
#define HAVE_LIMITS_H 1
#define HAVE_MALLOC 1
#define HAVE_MALLOC_H 1
#define HAVE_MEMMOVE 1
#define HAVE_MEMORY_H 1
#define HAVE_MEMORY_H 1
#define HAVE_MEMSET 1
#define HAVE_MODF 1
#define HAVE_POW 1
#define HAVE_SOCKET 1
#define HAVE_SQRT 1
#define HAVE_STDINT_H 1
#define HAVE_STDLIB_H 1
#define HAVE_STDLIB_H 1
#define HAVE_STDLIB_H 1
#define HAVE_STRCHR 1
#define HAVE_STRCSPN 1
#define HAVE_STRINGS_H 1
#define HAVE_STRING_H 1
#define HAVE_STRING_H 1
#define HAVE_STRRCHR 1
#define HAVE_STRSPN 1
#define HAVE_STRSTR 1
#define HAVE_STRTOL 1
#define HAVE_SYS_IOCTL_H 1
#define HAVE_SYS_SOCKET_H 1
#define HAVE_SYS_STAT_H 1
#define HAVE_SYS_TIME_H 1
#define HAVE_SYS_TYPES_H 1
#define HAVE_UNISTD_H 1
#define HAVE_UNISTD_H 1
#define HAVE_VPRINTF 1
#define PACKAGE_BUGREPORT "htk-mgr@eng.cam.ac.uk"
#define PACKAGE_NAME "HTK"
#define PACKAGE_STRING "HTK 3.4"
#define PACKAGE_TARNAME "htk"
#define PACKAGE_VERSION "3.4"
#define RETSIGTYPE void
#define STDC_HEADERS 1
#define TIME_WITH_SYS_TIME 1

configure: exit 0
